<?xml version="1.0" encoding="UTF-8"?>
<!-- Generated by org.testng.reporters.JUnitReportReporter -->
<testsuite hostname="LAPTOP-52I7J3D0" failures="0" tests="10" name="test2.TestNGClass" time="0.009" errors="0" timestamp="2021-09-03T10:20:11 EDT" skipped="0">
  <testcase classname="test2.TestNGClass" name="test1" time="0.001"/>
  <system-out/>
  <testcase classname="test2.TestNGClass" name="test2" time="0.001"/>
  <system-out/>
  <testcase classname="test2.TestNGClass" name="test1" time="0.001"/>
  <system-out/>
  <testcase classname="test2.TestNGClass" name="test3" time="0.001"/>
  <system-out/>
  <testcase classname="test2.TestNGClass" name="test5" time="0.000"/>
  <system-out/>
  <testcase classname="test2.TestNGClass" name="test2" time="0.001"/>
  <system-out/>
  <testcase classname="test2.TestNGClass" name="test4" time="0.001"/>
  <system-out/>
  <testcase classname="test2.TestNGClass" name="test5" time="0.001"/>
  <system-out/>
  <testcase classname="test2.TestNGClass" name="test3" time="0.001"/>
  <system-out/>
  <testcase classname="test2.TestNGClass" name="test4" time="0.001"/>
  <system-out/>
</testsuite> <!-- test2.TestNGClass -->
