<?xml version="1.0" encoding="UTF-8"?>
<!-- Generated by org.testng.reporters.JUnitReportReporter -->
<testsuite hostname="LAPTOP-52I7J3D0" failures="0" tests="3" name="test1.DataProvider" time="0.006" errors="0" timestamp="2021-09-02T07:21:27 EDT" skipped="0">
  <testcase classname="test1.DataProvider" name="test1" time="0.001"/>
  <system-out/>
  <testcase classname="test1.DataProvider" name="test1" time="0.004"/>
  <system-out/>
  <testcase classname="test1.DataProvider" name="test1" time="0.001"/>
  <system-out/>
</testsuite> <!-- test1.DataProvider -->
