<?xml version="1.0" encoding="UTF-8"?>
<!-- Generated by org.testng.reporters.JUnitReportReporter -->
<testsuite hostname="LAPTOP-52I7J3D0" failures="0" tests="2" name="test2.MyTestNG2" time="0.006" errors="0" timestamp="2021-09-02T09:09:52 EDT" skipped="0">
  <testcase classname="test2.MyTestNG2" name="test5" time="0.000"/>
  <system-out/>
  <testcase classname="test2.MyTestNG2" name="test1" time="0.006"/>
  <system-out/>
</testsuite> <!-- test2.MyTestNG2 -->
