<?xml version="1.0" encoding="UTF-8"?>
<!-- Generated by org.testng.reporters.JUnitReportReporter -->
<testsuite hostname="LAPTOP-52I7J3D0" failures="0" tests="2" name="test1.GroupsNG" time="0.008" errors="0" timestamp="2021-09-02T09:02:42 EDT" skipped="0">
  <testcase classname="test1.GroupsNG" name="test5" time="0.001"/>
  <system-out/>
  <testcase classname="test1.GroupsNG" name="test1" time="0.007"/>
  <system-out/>
</testsuite> <!-- test1.GroupsNG -->
