<?xml version="1.0" encoding="UTF-8"?>
<!-- Generated by org.testng.reporters.JUnitReportReporter -->
<testsuite hostname="LAPTOP-52I7J3D0" failures="0" tests="6" name="test1.DataProviderTest" time="0.003" errors="0" timestamp="2021-09-03T10:20:11 EDT" skipped="0">
  <testcase classname="test1.DataProviderTest" name="test2" time="0.001"/>
  <system-out/>
  <testcase classname="test1.DataProviderTest" name="test2" time="0.001"/>
  <system-out/>
  <testcase classname="test1.DataProviderTest" name="test2" time="0.000"/>
  <system-out/>
  <testcase classname="test1.DataProviderTest" name="test2" time="0.000"/>
  <system-out/>
  <testcase classname="test1.DataProviderTest" name="test2" time="0.001"/>
  <system-out/>
  <testcase classname="test1.DataProviderTest" name="test2" time="0.000"/>
  <system-out/>
</testsuite> <!-- test1.DataProviderTest -->
